#
# There is insufficient memory for the Java Runtime Environment to continue.
# Native memory allocation (mmap) failed to map 234881024 bytes for G1 virtual space
# Possible reasons:
#   The system is out of physical RAM or swap space
#   The process is running with CompressedOops enabled, and the Java Heap may be blocking the growth of the native heap
# Possible solutions:
#   Reduce memory load on the system
#   Increase physical memory or swap space
#   Check if swap backing store is full
#   Decrease Java heap size (-Xmx/-Xms)
#   Decrease number of Java threads
#   Decrease Java thread stack sizes (-Xss)
#   Set larger code cache with -XX:ReservedCodeCacheSize=
#   JVM is running with Zero Based Compressed Oops mode in which the Java heap is
#     placed in the first 32GB address space. The Java Heap base address is the
#     maximum limit for the native heap growth. Please use -XX:HeapBaseMinAddress
#     to set the Java Heap base and to place the Java Heap above 32GB virtual address.
# This output file may be truncated or incomplete.
#
#  Out of Memory Error (os_windows.cpp:3825), pid=14420, tid=12236
#
# JRE version:  (17.0.10) (build )
# Java VM: OpenJDK 64-Bit Server VM (17.0.10+0--11572160, mixed mode, sharing, tiered, compressed oops, compressed class ptrs, g1 gc, windows-amd64)
# No core dump will be written. Minidumps are not enabled by default on client versions of Windows
#

---------------  S U M M A R Y ------------

Command Line: 

Host: AMD Ryzen 3 3250U with Radeon Graphics         , 4 cores, 13G,  Windows 11 , 64 bit Build 22621 (10.0.22621.3527)
Time: Fri Jun 14 18:03:49 2024 Hora estándar, América Central elapsed time: 0.101670 seconds (0d 0h 0m 0s)

---------------  T H R E A D  ---------------

Current thread (0x000001f2de5aa460):  JavaThread "Unknown thread" [_thread_in_vm, id=12236, stack(0x0000005e40800000,0x0000005e40900000)]

Stack: [0x0000005e40800000,0x0000005e40900000]
Native frames: (J=compiled Java code, j=interpreted, Vv=VM code, C=native code)
V  [jvm.dll+0x688e89]
V  [jvm.dll+0x84247a]
V  [jvm.dll+0x8440be]
V  [jvm.dll+0x844723]
V  [jvm.dll+0x24be0f]
V  [jvm.dll+0x685c59]
V  [jvm.dll+0x67a50a]
V  [jvm.dll+0x30cbab]
V  [jvm.dll+0x314056]
V  [jvm.dll+0x363dce]
V  [jvm.dll+0x363fff]
V  [jvm.dll+0x2e2978]
V  [jvm.dll+0x2e38e4]
V  [jvm.dll+0x813011]
V  [jvm.dll+0x371c81]
V  [jvm.dll+0x7f1b66]
V  [jvm.dll+0x3f58df]
V  [jvm.dll+0x3f7511]
C  [jli.dll+0x528f]
C  [ucrtbase.dll+0x29333]
C  [KERNEL32.DLL+0x1257d]
C  [ntdll.dll+0x5aa48]


---------------  P R O C E S S  ---------------

Threads class SMR info:
_java_thread_list=0x00007ffdc0fdef58, length=0, elements={
}

Java Threads: ( => current thread )

Other Threads:
  0x000001f2de60ba90 GCTaskThread "GC Thread#0" [stack: 0x0000005e40900000,0x0000005e40a00000] [id=3800]
  0x000001f2de61a8a0 ConcurrentGCThread "G1 Main Marker" [stack: 0x0000005e40a00000,0x0000005e40b00000] [id=18348]
  0x000001f2de61b2c0 ConcurrentGCThread "G1 Conc#0" [stack: 0x0000005e40b00000,0x0000005e40c00000] [id=4700]

[error occurred during error reporting (printing all threads), id 0xc0000005, EXCEPTION_ACCESS_VIOLATION (0xc0000005) at pc=0x00007ffdc0793547]

VM state: not at safepoint (not fully initialized)

VM Mutex/Monitor currently owned by a thread:  ([mutex/lock_event])
[0x000001f2de5a65c0] Heap_lock - owner thread: 0x000001f2de5aa460

Heap address: 0x0000000721400000, size: 3564 MB, Compressed Oops mode: Zero based, Oop shift amount: 3

CDS archive(s) mapped at: [0x0000000000000000-0x0000000000000000-0x0000000000000000), size 0, SharedBaseAddress: 0x0000000800000000, ArchiveRelocationMode: 1.
Narrow klass base: 0x0000000000000000, Narrow klass shift: 0, Narrow klass range: 0x0

GC Precious Log:
<Empty>

Heap:
 garbage-first heap   total 0K, used 0K [0x0000000721400000, 0x0000000800000000)
  region size 2048K, 0 young (0K), 0 survivors (0K)
 Metaspace       used 0K, committed 0K, reserved 0K
  class space    used 0K, committed 0K, reserved 0K

Heap Regions: E=young(eden), S=young(survivor), O=old, HS=humongous(starts), HC=humongous(continues), CS=collection set, F=free, OA=open archive, CA=closed archive, TAMS=top-at-mark-start (previous, next)

Card table byte_map: [0x000001f2f1180000,0x000001f2f1880000] _byte_map_base: 0x000001f2ed876000

Marking Bits (Prev, Next): (CMBitMap*) 0x000001f2de60c0b0, (CMBitMap*) 0x000001f2de60c0f0
 Prev Bits: [0x000001f2f1f80000, 0x000001f2f5730000)
 Next Bits: [0x000001f2f5730000, 0x000001f2f8ee0000)

GC Heap History (0 events):
No events

Dll operation events (1 events):
Event: 0.084 Loaded shared library C:\Program Files\Android\Android Studio\jbr\bin\java.dll

Deoptimization events (0 events):
No events

Classes unloaded (0 events):
No events

Classes redefined (0 events):
No events

Internal exceptions (0 events):
No events

VM Operations (0 events):
No events

Events (0 events):
No events


Dynamic libraries:
0x00007ff79d7f0000 - 0x00007ff79d7fa000 	C:\Program Files\Android\Android Studio\jbr\bin\java.EXE
0x00007ffe23030000 - 0x00007ffe23247000 	C:\Windows\SYSTEM32\ntdll.dll
0x00007ffe21750000 - 0x00007ffe21814000 	C:\Windows\System32\KERNEL32.DLL
0x00007ffe20850000 - 0x00007ffe20bf7000 	C:\Windows\System32\KERNELBASE.dll
0x00007ffe20400000 - 0x00007ffe20511000 	C:\Windows\System32\ucrtbase.dll
0x00007ffe03b10000 - 0x00007ffe03b2b000 	C:\Program Files\Android\Android Studio\jbr\bin\VCRUNTIME140.dll
0x00007ffe03d70000 - 0x00007ffe03d87000 	C:\Program Files\Android\Android Studio\jbr\bin\jli.dll
0x00007ffe218e0000 - 0x00007ffe21a8e000 	C:\Windows\System32\USER32.dll
0x00007ffe20350000 - 0x00007ffe20376000 	C:\Windows\System32\win32u.dll
0x00007ffe21100000 - 0x00007ffe21129000 	C:\Windows\System32\GDI32.dll
0x00007ffe20520000 - 0x00007ffe20639000 	C:\Windows\System32\gdi32full.dll
0x00007ffe20640000 - 0x00007ffe206da000 	C:\Windows\System32\msvcp_win.dll
0x00007ffe0b900000 - 0x00007ffe0bb93000 	C:\Windows\WinSxS\amd64_microsoft.windows.common-controls_6595b64144ccf1df_6.0.22621.3527_none_270e469b73872a76\COMCTL32.dll
0x00007ffe21440000 - 0x00007ffe214e7000 	C:\Windows\System32\msvcrt.dll
0x00007ffe22fb0000 - 0x00007ffe22fe1000 	C:\Windows\System32\IMM32.DLL
0x00007ffe0a7a0000 - 0x00007ffe0a7ac000 	C:\Program Files\Android\Android Studio\jbr\bin\vcruntime140_1.dll
0x00007ffe03a80000 - 0x00007ffe03b0d000 	C:\Program Files\Android\Android Studio\jbr\bin\msvcp140.dll
0x00007ffdc04a0000 - 0x00007ffdc1123000 	C:\Program Files\Android\Android Studio\jbr\bin\server\jvm.dll
0x00007ffe21820000 - 0x00007ffe218d2000 	C:\Windows\System32\ADVAPI32.dll
0x00007ffe21b80000 - 0x00007ffe21c28000 	C:\Windows\System32\sechost.dll
0x00007ffe20d30000 - 0x00007ffe20d58000 	C:\Windows\System32\bcrypt.dll
0x00007ffe21220000 - 0x00007ffe21335000 	C:\Windows\System32\RPCRT4.dll
0x00007ffe20210000 - 0x00007ffe2025d000 	C:\Windows\SYSTEM32\POWRPROF.dll
0x00007ffdf9120000 - 0x00007ffdf9129000 	C:\Windows\SYSTEM32\WSOCK32.dll
0x00007ffe21520000 - 0x00007ffe21591000 	C:\Windows\System32\WS2_32.dll
0x00007ffe18be0000 - 0x00007ffe18c14000 	C:\Windows\SYSTEM32\WINMM.dll
0x00007ffe19360000 - 0x00007ffe1936a000 	C:\Windows\SYSTEM32\VERSION.dll
0x00007ffe201f0000 - 0x00007ffe20203000 	C:\Windows\SYSTEM32\UMPDC.dll
0x00007ffe1f370000 - 0x00007ffe1f388000 	C:\Windows\SYSTEM32\kernel.appcore.dll
0x00007ffe03a70000 - 0x00007ffe03a7a000 	C:\Program Files\Android\Android Studio\jbr\bin\jimage.dll
0x00007ffe172e0000 - 0x00007ffe17512000 	C:\Windows\SYSTEM32\DBGHELP.DLL
0x00007ffe21f40000 - 0x00007ffe222c8000 	C:\Windows\System32\combase.dll
0x00007ffe21a90000 - 0x00007ffe21b67000 	C:\Windows\System32\OLEAUT32.dll
0x00007ffdff3b0000 - 0x00007ffdff3e2000 	C:\Windows\SYSTEM32\dbgcore.DLL
0x00007ffe20380000 - 0x00007ffe203f9000 	C:\Windows\System32\bcryptPrimitives.dll
0x00007ffe03a40000 - 0x00007ffe03a65000 	C:\Program Files\Android\Android Studio\jbr\bin\java.dll

dbghelp: loaded successfully - version: 4.0.5 - missing functions: none
symbol engine: initialized successfully - sym options: 0x614 - pdb path: .;C:\Program Files\Android\Android Studio\jbr\bin;C:\Windows\SYSTEM32;C:\Windows\WinSxS\amd64_microsoft.windows.common-controls_6595b64144ccf1df_6.0.22621.3527_none_270e469b73872a76;C:\Program Files\Android\Android Studio\jbr\bin\server

VM Arguments:
java_command: <unknown>
java_class_path (initial): <not set>
Launcher Type: SUN_STANDARD

[Global flags]
     intx CICompilerCount                          = 3                                         {product} {ergonomic}
     uint ConcGCThreads                            = 1                                         {product} {ergonomic}
     uint G1ConcRefinementThreads                  = 4                                         {product} {ergonomic}
   size_t G1HeapRegionSize                         = 2097152                                   {product} {ergonomic}
    uintx GCDrainStackTargetSize                   = 64                                        {product} {ergonomic}
   size_t InitialHeapSize                          = 234881024                                 {product} {ergonomic}
   size_t MarkStackSize                            = 4194304                                   {product} {ergonomic}
   size_t MaxHeapSize                              = 3737124864                                {product} {ergonomic}
   size_t MinHeapDeltaBytes                        = 2097152                                   {product} {ergonomic}
   size_t MinHeapSize                              = 8388608                                   {product} {ergonomic}
    uintx NonNMethodCodeHeapSize                   = 5832780                                {pd product} {ergonomic}
    uintx NonProfiledCodeHeapSize                  = 122912730                              {pd product} {ergonomic}
    uintx ProfiledCodeHeapSize                     = 122912730                              {pd product} {ergonomic}
    uintx ReservedCodeCacheSize                    = 251658240                              {pd product} {ergonomic}
     bool SegmentedCodeCache                       = true                                      {product} {ergonomic}
   size_t SoftMaxHeapSize                          = 3737124864                             {manageable} {ergonomic}
     bool UseCompressedClassPointers               = true                           {product lp64_product} {ergonomic}
     bool UseCompressedOops                        = true                           {product lp64_product} {ergonomic}
     bool UseG1GC                                  = true                                      {product} {ergonomic}
     bool UseLargePagesIndividualAllocation        = false                                  {pd product} {ergonomic}

Logging:
Log output configuration:
 #0: stdout all=warning uptime,level,tags
 #1: stderr all=off uptime,level,tags

Environment Variables:
PATH=C:\app\selvi\product\21c\dbhomeXE\bin;C:\Program Files\Microsoft MPI\Bin\;C:\Windows\system32;C:\Windows;C:\Windows\System32\Wbem;C:\Windows\System32\WindowsPowerShell\v1.0\;C:\Windows\System32\OpenSSH\;C:\Program Files\dotnet\;C:\Program Files (x86)\Microsoft SQL Server\160\Tools\Binn\;C:\Program Files\Microsoft SQL Server\160\Tools\Binn\;C:\Program Files\Microsoft SQL Server\Client SDK\ODBC\170\Tools\Binn\;C:\Program Files\Microsoft SQL Server\160\DTS\Binn\;C:\Program Files (x86)\Microsoft SQL Server\160\DTS\Binn\;C:\Program Files\Azure Data Studio\bin;C:\Program Files\nodejs\;C:\Program Files\Git\cmd;C:\xampp\php;C:\composer;C:\dev\flutter\bin;C:\Users\selvi\AppData\Local\Microsoft\WindowsApps;C:\Users\selvi\.dotnet\tools;C:\Program Files\Azure Data Studio\bin;C:\Users\selvi\AppData\Local\Programs\Microsoft VS Code\bin;C:\Users\selvi\AppData\Roaming\npm;C:\Users\selvi\AppData\Roaming\Composer\vendor\bin;C:\dev\flutter\bin;C:\Users\selvi\AppData\Local\Pub\Cache\bin;C:\Users\selvi\AppData\Local\Pub\Cache\bin;;C:\dev\flutter\bin\mingit\cmd;C:\dev\flutter\bin\mingit\cmd
USERNAME=selvi
OS=Windows_NT
PROCESSOR_IDENTIFIER=AMD64 Family 23 Model 24 Stepping 1, AuthenticAMD
TMP=C:\Users\selvi\AppData\Local\Temp
TEMP=C:\Users\selvi\AppData\Local\Temp



Periodic native trim disabled

JNI global refs:
JNI global refs: 0, weak refs: 0

JNI global refs memory usage: 0, weak refs: 0

OOME stack traces (most recent first):
Classloader memory used:


---------------  S Y S T E M  ---------------

OS:
 Windows 11 , 64 bit Build 22621 (10.0.22621.3527)
OS uptime: 14 days 3:12 hours

CPU: total 4 (initial active 4) (4 cores per cpu, 2 threads per core) family 23 model 24 stepping 1 microcode 0x0, cx8, cmov, fxsr, ht, mmx, 3dnowpref, sse, sse2, sse3, ssse3, sse4a, sse4.1, sse4.2, popcnt, lzcnt, tsc, tscinvbit, avx, avx2, aes, clmul, bmi1, bmi2, adx, sha, fma, vzeroupper, clflush, clflushopt
Processor Information for all 4 processors :
  Max Mhz: 2600, Current Mhz: 2600, Mhz Limit: 2600

Memory: 4k page, system-wide physical 14250M (2161M free)
TotalPageFile size 20837M (AvailPageFile size 125M)
current process WorkingSet (physical memory assigned to process): 11M, peak: 11M
current process commit charge ("private bytes"): 51M, peak: 275M

vm_info: OpenJDK 64-Bit Server VM (17.0.10+0--11572160) for windows-amd64 JRE (17.0.10+0--11572160), built on Mar 13 2024 23:56:38 by "androidbuild" with MS VC++ 16.10 / 16.11 (VS2019)

END.
